🩺 The doctor is checking the health of your Storybook..
╭ Incompatible packages found ───────────────────────────────────────────────────────────────────────────────────────────────────────╮
│                                                                                                                                    │
│   The following packages are incompatible with Storybook 8.0.4 as they depend on different major versions of Storybook packages:   │
│   - @storybook/addon-mdx-gfm@7.6.17 (8.0.4 available!)                                                                             │
│    Repo: https://github.com/storybookjs/storybook/tree/next/code/addons/gfm                                                        │
│   - @storybook/manager-api@7.6.17 (8.0.4 available!)                                                                               │
│    Repo: https://github.com/storybookjs/storybook/tree/next/code/lib/manager-api                                                   │
│   - @storybook/theming@7.6.17 (8.0.4 available!)                                                                                   │
│    Repo: https://github.com/storybookjs/storybook/tree/next/code/lib/theming                                                       │
│   - storybook@7.5.3 (8.0.4 available!)                                                                                             │
│    Repo: https://github.com/storybookjs/storybook/tree/next/code/lib/cli                                                           │
│                                                                                                                                    │
│                                                                                                                                    │
│   Please consider updating your packages or contacting the maintainers for compatibility details.                                  │
│   For more on Storybook 8 compatibility, see the linked GitHub issue:                                                              │
│   https://github.com/storybookjs/storybook/issues/26031                                                                            │
│                                                                                                                                    │
╰────────────────────────────────────────────────────────────────────────────────────────────────────────────────────────────────────╯

You can always recheck the health of your project by running:
npx storybook doctor

Full logs are available in /Users/bumsu/Desktop/workspace/bumsu01.github.io/apps/bumtory-book/doctor-storybook.log

